1 4
15 4
36 4
51 6
52 4
62 6
63 4
71 4
72 4
78 6
79 4
101 6
102 4
109 8
110 6
111 4
130 4
151 4
179 4
187 4
195 4
243 4
245 4
260 4
283 4
284 6
285 4
309 4
320 4
334 4
337 4
340 4
342 4
363 4
367 4
368 4
376 8
377 6
378 4
391 4
402 4
407 4
408 4
422 4
425 4
428 4
429 4
436 6
437 4
472 4
478 12
479 10
480 8
481 6
482 4
505 4
537 4
561 4
591 4
597 6
598 4
629 4
644 4
648 4
666 4
672 4
689 4
695 4
699 6
700 4
717 4
728 6
729 4
733 4
740 4
743 4
750 6
751 4
757 4
761 6
762 4
766 4
816 6
817 4
830 4
836 4
843 4
848 4
868 4
891 4
895 4
901 4
908 4
910 4
918 4
937 12
938 10
939 8
940 4
940 6
941 4
942 4
947 6
948 4
963 4
